C51 COMPILER V9.00   LED                                                                   04/11/2016 12:21:52 PAGE 1   


C51 COMPILER V9.00, COMPILATION OF MODULE LED
OBJECT MODULE PLACED IN LED.OBJ
COMPILER INVOKED BY: C:\Keil\C51\BIN\C51.EXE LED.c BROWSE DEBUG OBJECTEXTEND

line level    source

   1          #include <REGX52.H>
   2          #include<intrins.h>
   3          #include"LED.h"
   4          
   5          
   6          void LED_cmd(bit DIRECTION,uchar LED,bit SWITCH)
   7          {
   8   1              uchar temp;
   9   1              CSN=0;
  10   1              CEW=0;
  11   1              if(DIRECTION==0)
  12   1              {
  13   2                      CSN=1;
  14   2              }
  15   1              else if(DIRECTION == 1)
  16   1              {
  17   2                      CEW=1;
  18   2              }
  19   1              if(SWITCH == 0)
  20   1              {
  21   2                      temp=0xff-1;
  22   2                      temp=_crol_(temp,LED);
  23   2                      P1=P1&&temp;            
  24   2              }
  25   1              else if(SWITCH == 1)
  26   1              {
  27   2                      temp=1;
  28   2                      temp=_crol_(temp,LED);
  29   2                      P1=P1||temp;
  30   2              }
  31   1              CSN=0;
  32   1              CEW=0;
  33   1      
  34   1      
  35   1      }


MODULE INFORMATION:   STATIC OVERLAYABLE
   CODE SIZE        =     83    ----
   CONSTANT SIZE    =   ----    ----
   XDATA SIZE       =   ----    ----
   PDATA SIZE       =   ----    ----
   DATA SIZE        =   ----       1
   IDATA SIZE       =   ----    ----
   BIT SIZE         =   ----       2
END OF MODULE INFORMATION.


C51 COMPILATION COMPLETE.  0 WARNING(S),  0 ERROR(S)
