C51 COMPILER V9.00   LIB                                                                   04/11/2016 12:21:09 PAGE 1   


C51 COMPILER V9.00, COMPILATION OF MODULE LIB
OBJECT MODULE PLACED IN LIB.OBJ
COMPILER INVOKED BY: C:\Keil\C51\BIN\C51.EXE LIB.c BROWSE DEBUG OBJECTEXTEND

line level    source

   1          #include"LIB.h"
   2          #include <REGX52.H>
   3          /*ºÁÃëÑÓÊ±*/
   4          void delay(uint ms)
   5          {
   6   1              uint i,j;
   7   1              for(i=ms;i>0;i--)
   8   1                      for(j=120;j>0;j--);
   9   1      }
  10          
  11          


MODULE INFORMATION:   STATIC OVERLAYABLE
   CODE SIZE        =     30    ----
   CONSTANT SIZE    =   ----    ----
   XDATA SIZE       =   ----    ----
   PDATA SIZE       =   ----    ----
   DATA SIZE        =   ----    ----
   IDATA SIZE       =   ----    ----
   BIT SIZE         =   ----    ----
END OF MODULE INFORMATION.


C51 COMPILATION COMPLETE.  0 WARNING(S),  0 ERROR(S)
