C51 COMPILER V9.00   OUTPUT                                                                04/11/2016 12:21:10 PAGE 1   


C51 COMPILER V9.00, COMPILATION OF MODULE OUTPUT
OBJECT MODULE PLACED IN OUTPUT.OBJ
COMPILER INVOKED BY: C:\Keil\C51\BIN\C51.EXE OUTPUT.c BROWSE DEBUG OBJECTEXTEND

line level    source

   1          #include <REGX52.H>
   2          #include"LIB.h"
   3          
   4          sbit wei = P2^7;
   5          sbit duan= P2^6;
   6          
   7          uchar wx[8]={0xfe,0xfd,0xfb,0xf7,0xef,0xdf,0xbf,0x7f};                                  //位选定义
   8          
   9          uchar dx[26]={  0xbf,0x86,0xdb,0xcf,0xe6,0xed,0xfd,0x87,0xff,0xef,              //有小数点0-9
  10                                          0x3f,0x06,0x5b,0x4f,0x66,0x6d,0x7d,0x07,0x7f,0x6f,              //无小数点0-9
  11                                          0x77,  //"A"
  12                          0x7C,  //"B"
  13                          0x39,  //"C"
  14                          0x5E,  //"D"
  15                          0x79,  //"E"
  16                          0x71,  //"F"  
  17                                          };
  18          
  19          void output(uint pos,uint num)                                  //动态显示输出函数
  20          {       
  21   1              wei=0;
  22   1              duan=0;
  23   1      
  24   1              wei=1;                                                                          //位选
  25   1              P0=wx[pos-1];
  26   1              wei=0;
  27   1      
  28   1              duan=1;                                                                         //段选
  29   1              P0=dx[num];
  30   1              duan=0; 
  31   1              delay(1);
  32   1              
  33   1              
  34   1      }


MODULE INFORMATION:   STATIC OVERLAYABLE
   CODE SIZE        =     33    ----
   CONSTANT SIZE    =   ----    ----
   XDATA SIZE       =   ----    ----
   PDATA SIZE       =   ----    ----
   DATA SIZE        =     34    ----
   IDATA SIZE       =   ----    ----
   BIT SIZE         =   ----    ----
END OF MODULE INFORMATION.


C51 COMPILATION COMPLETE.  0 WARNING(S),  0 ERROR(S)
